{"level":"warn","message":"Ruta no existente"}
{"level":"warn","message":"Ruta no existente"}
{"level":"warn","message":"Ruta no existente"}
{"level":"warn","message":"Ruta no existente"}
{"level":"warn","message":"Ruta no existente"}
{"level":"warn","message":"Ruta no existente"}
{"level":"warn","message":"Ruta no existente"}
{"level":"warn","message":"Ruta no existente"}
{"level":"warn","message":"Ruta no existente"}
{"level":"warn","message":"Ruta no existente"}
{"level":"warn","message":"Ruta no existente"}
{"level":"warn","message":"Ruta no existente"}
{"level":"warn","message":"Ruta no existente"}
{"level":"warn","message":"Ruta no existente"}
{"level":"warn","message":"Ruta no existente"}
{"level":"warn","message":"Ruta no existente"}
{"level":"warn","message":"Ruta no existente"}
{"level":"warn","message":"Ruta no existente"}
{"level":"warn","message":"Ruta no existente"}
{"level":"warn","message":"Ruta no existente"}
{"level":"warn","message":"Ruta no existente"}
{"level":"warn","message":"Ruta no existente"}
{"level":"warn","message":"Ruta no existente"}
{"level":"warn","message":"Ruta no existente"}
{"level":"warn","message":"Ruta no existente"}
{"level":"warn","message":"Ruta no existente"}
{"level":"warn","message":"Ruta no existente"}
{"level":"warn","message":"Ruta no existente"}
{"level":"warn","message":"Ruta no existente"}
{"level":"warn","message":"Ruta no existente"}
{"level":"warn","message":"Ruta no existente"}
{"level":"warn","message":"Ruta no existente"}
{"level":"warn","message":"Ruta no existente"}
{"level":"warn","message":"Ruta no existente"}
{"level":"warn","message":"Ruta no existente"}
{"level":"warn","message":"Ruta no existente"}
{"level":"warn","message":"Ruta no existente"}
{"level":"warn","message":"Ruta no existente"}
{"level":"warn","message":"Ruta no existente"}
{"level":"warn","message":"Ruta no existente"}
{"level":"warn","message":"Ruta no existente"}
{"level":"warn","message":"Ruta no existente"}
{"level":"warn","message":"Ruta no existente"}
{"level":"warn","message":"Ruta no existente"}
{"level":"warn","message":"Ruta no existente"}
{"level":"warn","message":"Ruta no existente"}
{"level":"error","message":"Cast to ObjectId failed for value \"1\" (type string) at path \"_id\" for model \"products\""}
{"level":"warn","message":"Ruta no existente"}
{"level":"warn","message":"Ruta no existente"}
{"level":"warn","message":"Ruta no existente"}
{"level":"error","message":"Cast to ObjectId failed for value \"1\" (type string) at path \"_id\" for model \"products\""}
{"level":"warn","message":"Ruta no existente"}
{"level":"warn","message":"Ruta no existente"}
{"level":"warn","message":"Ruta no existente"}
{"level":"warn","message":"Ruta no existente"}
{"level":"warn","message":"Ruta no existente"}
{"level":"warn","message":"Ruta no existente"}
{"level":"warn","message":"Ruta no existente"}
{"level":"warn","message":"Ruta no existente"}
{"level":"warn","message":"Ruta no existente"}
{"level":"warn","message":"Ruta no existente"}
{"level":"warn","message":"Ruta no existente"}
{"level":"warn","message":"Ruta no existente"}
{"level":"warn","message":"Ruta no existente"}
{"level":"warn","message":"Ruta no existente"}
{"level":"error","message":"Cast to ObjectId failed for value \"${newProduct._id}\" (type string) at path \"_id\" for model \"products\""}
{"level":"warn","message":"Ruta no existente"}
{"level":"error","message":"Cast to ObjectId failed for value \"undefined\" (type string) at path \"_id\" for model \"products\""}
{"level":"error","message":"Cast to ObjectId failed for value \"undefined\" (type string) at path \"_id\" for model \"products\""}
{"level":"error","message":"Cast to ObjectId failed for value \"undefined\" (type string) at path \"_id\" for model \"products\""}
{"level":"error","message":"Cast to ObjectId failed for value \"undefined\" (type string) at path \"_id\" for model \"products\""}
{"level":"error","message":"Cast to ObjectId failed for value \"undefined\" (type string) at path \"_id\" for model \"products\""}
{"level":"error","message":"Cast to ObjectId failed for value \"undefined\" (type string) at path \"_id\" for model \"products\""}
{"level":"error","message":"Cast to ObjectId failed for value \"undefined\" (type string) at path \"_id\" for model \"products\""}
{"level":"error","message":"Cast to ObjectId failed for value \"undefined\" (type string) at path \"_id\" for model \"products\""}
{"level":"error","message":"Cast to ObjectId failed for value \"undefined\" (type string) at path \"_id\" for model \"products\""}
{"level":"error","message":"Cast to ObjectId failed for value \"undefined\" (type string) at path \"_id\" for model \"products\""}
{"level":"error","message":"Cast to ObjectId failed for value \"undefined\" (type string) at path \"_id\" for model \"products\""}
{"level":"error","message":"Cast to ObjectId failed for value \"undefined\" (type string) at path \"_id\" for model \"products\""}
{"level":"error","message":"Cast to ObjectId failed for value \"undefined\" (type string) at path \"_id\" for model \"products\""}
{"level":"error","message":"Cast to ObjectId failed for value \"undefined\" (type string) at path \"_id\" for model \"products\""}
{"level":"error","message":"Cast to ObjectId failed for value \"undefined\" (type string) at path \"_id\" for model \"products\""}
{"level":"error","message":"Cast to ObjectId failed for value \"undefined\" (type string) at path \"_id\" for model \"products\""}
{"level":"error","message":"Cast to ObjectId failed for value \"undefined\" (type string) at path \"_id\" for model \"products\""}
{"level":"error","message":"Cast to ObjectId failed for value \"undefined\" (type string) at path \"_id\" for model \"products\""}
{"level":"error","message":"Cast to ObjectId failed for value \"undefined\" (type string) at path \"_id\" for model \"products\""}
{"level":"error","message":"Cast to ObjectId failed for value \"undefined\" (type string) at path \"_id\" for model \"products\""}
{"level":"error","message":"Cast to ObjectId failed for value \"undefined\" (type string) at path \"_id\" for model \"products\""}
{"level":"error","message":"Cast to ObjectId failed for value \"undefined\" (type string) at path \"_id\" for model \"products\""}
{"level":"warn","message":"Ruta no existente"}
{"level":"warn","message":"Ruta no existente"}
{"level":"warn","message":"Ruta no existente"}
{"level":"warn","message":"Ruta no existente"}
{"level":"warn","message":"Ruta no existente"}
{"level":"warn","message":"Ruta no existente"}
{"level":"warn","message":"Ruta no existente"}
{"level":"warn","message":"Ruta no existente"}
{"level":"warn","message":"Ruta no existente"}
{"level":"warn","message":"Ruta no existente"}
{"level":"warn","message":"Ruta no existente"}
{"level":"warn","message":"Ruta no existente"}
{"level":"warn","message":"Ruta no existente"}
{"level":"warn","message":"Ruta no existente"}
{"level":"warn","message":"Ruta no existente"}
{"level":"warn","message":"Ruta no existente"}
{"level":"warn","message":"Ruta no existente"}
{"level":"warn","message":"Ruta no existente"}
{"level":"warn","message":"Ruta no existente"}
{"level":"warn","message":"Ruta no existente"}
{"level":"warn","message":"Ruta no existente"}
{"level":"warn","message":"Ruta no existente"}
{"level":"warn","message":"Ruta no existente"}
{"level":"warn","message":"Ruta no existente"}
{"level":"warn","message":"Ruta no existente"}
{"level":"warn","message":"Ruta no existente"}
{"level":"warn","message":"Ruta no existente"}
{"level":"warn","message":"Ruta no existente"}
{"level":"warn","message":"Ruta no existente"}
{"level":"warn","message":"Ruta no existente"}
{"level":"warn","message":"Ruta no existente"}
{"level":"warn","message":"Ruta no existente"}
{"level":"warn","message":"Ruta no existente"}
{"level":"warn","message":"Ruta no existente"}
{"level":"warn","message":"Ruta no existente"}
{"level":"warn","message":"Ruta no existente"}
{"level":"warn","message":"Ruta no existente"}
{"level":"warn","message":"Ruta no existente"}
{"level":"warn","message":"Ruta no existente"}
{"level":"warn","message":"Ruta no existente"}
{"level":"warn","message":"Ruta no existente"}
{"level":"warn","message":"Ruta no existente"}
{"level":"warn","message":"Ruta no existente"}
{"level":"warn","message":"Ruta no existente"}
{"level":"warn","message":"Ruta no existente"}
{"level":"warn","message":"Ruta no existente"}
{"level":"warn","message":"Ruta no existente"}
{"level":"warn","message":"Ruta no existente"}
{"level":"warn","message":"Ruta no existente"}
{"level":"warn","message":"Ruta no existente"}
{"level":"warn","message":"Ruta no existente"}
{"level":"warn","message":"Ruta no existente"}
{"level":"warn","message":"Ruta no existente"}
{"level":"warn","message":"Ruta no existente"}
{"level":"warn","message":"Ruta no existente"}
{"level":"warn","message":"Ruta no existente"}
{"level":"warn","message":"Ruta no existente"}
{"level":"warn","message":"Ruta no existente"}
{"level":"warn","message":"Ruta no existente"}
{"level":"warn","message":"Ruta no existente"}
{"level":"warn","message":"Ruta no existente"}
{"level":"warn","message":"Ruta no existente"}
{"level":"warn","message":"Ruta no existente"}
{"level":"warn","message":"Ruta no existente"}
{"level":"warn","message":"Ruta no existente"}
{"level":"warn","message":"Ruta no existente"}
{"level":"warn","message":"Ruta no existente"}
{"level":"warn","message":"Ruta no existente"}
{"level":"warn","message":"Ruta no existente"}
{"level":"warn","message":"Ruta no existente"}
{"level":"warn","message":"Ruta no existente"}
{"level":"warn","message":"Ruta no existente"}
{"level":"warn","message":"Ruta no existente"}
{"level":"warn","message":"Ruta no existente"}
{"level":"warn","message":"Ruta no existente"}
{"level":"warn","message":"Ruta no existente"}
{"level":"warn","message":"Ruta no existente"}
{"level":"warn","message":"Ruta no existente"}
{"level":"warn","message":"Ruta no existente"}
{"level":"warn","message":"Ruta no existente"}
{"level":"warn","message":"Ruta no existente"}
{"level":"warn","message":"Ruta no existente"}
{"level":"warn","message":"Ruta no existente"}
{"level":"warn","message":"Ruta no existente"}
{"level":"warn","message":"Ruta no existente"}
{"level":"warn","message":"Ruta no existente"}
{"level":"warn","message":"Ruta no existente"}
{"level":"warn","message":"Ruta no existente"}
{"level":"warn","message":"Ruta no existente"}
{"level":"warn","message":"Ruta no existente"}
{"level":"warn","message":"Ruta no existente"}
{"level":"warn","message":"Ruta no existente"}
{"level":"warn","message":"Ruta no existente"}
{"level":"warn","message":"Ruta no existente"}
{"level":"warn","message":"Ruta no existente"}
{"level":"warn","message":"Ruta no existente"}
{"level":"warn","message":"Ruta no existente"}
{"level":"warn","message":"Ruta no existente"}
{"level":"warn","message":"Ruta no existente"}
{"level":"warn","message":"Ruta no existente"}
{"level":"warn","message":"Ruta no existente"}
{"level":"warn","message":"Ruta no existente"}
{"level":"warn","message":"Ruta no existente"}
{"level":"warn","message":"Ruta no existente"}
{"level":"error","message":"Cast to ObjectId failed for value \"Madera\" (type string) at path \"_id\" for model \"products\""}
{"level":"warn","message":"Ruta no existente"}
{"level":"warn","message":"Ruta no existente"}
{"level":"error","message":"Cast to ObjectId failed for value \"Madera\" (type string) at path \"_id\" for model \"products\""}
{"level":"error","message":"Cast to ObjectId failed for value \"Madera\" (type string) at path \"_id\" for model \"products\""}
{"level":"error","message":"Cast to ObjectId failed for value \"Madera\" (type string) at path \"_id\" for model \"products\""}
{"level":"error","message":"Cast to ObjectId failed for value \"Madera\" (type string) at path \"_id\" for model \"products\""}
{"level":"error","message":"Cast to ObjectId failed for value \"Madera\" (type string) at path \"_id\" for model \"products\""}
{"level":"error","message":"Cast to ObjectId failed for value \"Madera\" (type string) at path \"_id\" for model \"products\""}
{"level":"error","message":"Cast to ObjectId failed for value \"Madera\" (type string) at path \"_id\" for model \"products\""}
{"level":"error","message":"Cast to ObjectId failed for value \"categoria\" (type string) at path \"_id\" for model \"products\""}
{"level":"warn","message":"Ruta no existente"}
{"level":"error","message":"Cast to ObjectId failed for value \"Plástico\" (type string) at path \"_id\" for model \"products\""}
{"level":"error","message":"Cast to ObjectId failed for value \"Plástico\" (type string) at path \"_id\" for model \"products\""}
{"level":"error","message":"Cast to ObjectId failed for value \"Plástico\" (type string) at path \"_id\" for model \"products\""}
{"level":"error","message":"Cast to ObjectId failed for value \"Plástico\" (type string) at path \"_id\" for model \"products\""}
{"level":"error","message":"Cast to ObjectId failed for value \"Plástico\" (type string) at path \"_id\" for model \"products\""}
{"level":"error","message":"Cast to ObjectId failed for value \"Plástico\" (type string) at path \"_id\" for model \"products\""}
{"level":"error","message":"Cast to ObjectId failed for value \"Plástico\" (type string) at path \"_id\" for model \"products\""}
{"level":"error","message":"Cast to ObjectId failed for value \"Madera\" (type string) at path \"_id\" for model \"products\""}
{"level":"error","message":"Cast to ObjectId failed for value \"Madera\" (type string) at path \"_id\" for model \"products\""}
{"level":"warn","message":"Ruta no existente"}
